<?xml version="1.0" encoding="UTF-8"?>
<!-- Generated by org.testng.reporters.JUnitReportReporter -->
<testsuite hostname="DESKTOP-D15BNO2" failures="0" tests="3" name="testngpackage.FirstTest" time="0.060" errors="0" timestamp="2023-04-07T15:21:03 IST" skipped="0">
  <testcase classname="testngpackage.FirstTest" name="f" time="0.037"/>
  <system-out/>
  <testcase classname="testngpackage.FirstTest" name="f2" time="0.011"/>
  <system-out/>
  <testcase classname="testngpackage.FirstTest" name="f3" time="0.012"/>
  <system-out/>
</testsuite> <!-- testngpackage.FirstTest -->
