<?xml version="1.0" encoding="UTF-8"?>
<!-- Generated by org.testng.reporters.JUnitReportReporter -->
<testsuite hostname="DESKTOP-D15BNO2" failures="0" tests="2" name="testngpackage.GroupingTest" time="0.013" errors="0" timestamp="2023-04-08T18:17:37 IST" skipped="0">
  <testcase classname="testngpackage.GroupingTest" name="loginByFacebook" time="0.011"/>
  <system-out/>
  <testcase classname="testngpackage.GroupingTest" name="paymentInRupees" time="0.002"/>
  <system-out/>
</testsuite> <!-- testngpackage.GroupingTest -->
