<?xml version="1.0" encoding="UTF-8"?>
<!-- Generated by org.testng.reporters.JUnitReportReporter -->
<testsuite hostname="DESKTOP-D15BNO2" failures="0" tests="2" name="testngpackage.SecondTest" time="17.139" errors="0" timestamp="2023-04-07T17:35:35 IST" skipped="0">
  <testcase classname="testngpackage.SecondTest" name="openApp" time="13.625"/>
  <system-out/>
  <testcase classname="testngpackage.SecondTest" name="login" time="3.514"/>
  <system-out/>
</testsuite> <!-- testngpackage.SecondTest -->
