<?xml version="1.0" encoding="UTF-8"?>
<!-- Generated by org.testng.reporters.JUnitReportReporter -->
<testsuite hostname="DESKTOP-D15BNO2" failures="0" tests="1" name="pageobjectclasspattern.TestLogin" time="2.268" errors="0" timestamp="2023-04-13T21:10:37 IST" skipped="0">
  <testcase classname="pageobjectclasspattern.TestLogin" name="Login" time="2.268"/>
  <system-out/>
</testsuite> <!-- pageobjectclasspattern.TestLogin -->
