<?xml version="1.0" encoding="UTF-8"?>
<!-- Generated by org.testng.reporters.JUnitReportReporter -->
<testsuite hostname="DESKTOP-D15BNO2" failures="0" tests="5" name="extendreport.NopCommerceTest" time="23.550" errors="0" timestamp="2023-04-09T23:33:57 IST" skipped="0">
  <testcase classname="extendreport.NopCommerceTest" name="setup" time="13.314"/>
  <system-out/>
  <testcase classname="extendreport.NopCommerceTest" name="TestLogo" time="0.221"/>
  <system-out/>
  <testcase classname="extendreport.NopCommerceTest" name="TestLogin" time="4.005"/>
  <system-out/>
  <testcase classname="extendreport.NopCommerceTest" name="TestLogout" time="4.382"/>
  <system-out/>
  <testcase classname="extendreport.NopCommerceTest" name="closeApp" time="1.628"/>
  <system-out/>
</testsuite> <!-- extendreport.NopCommerceTest -->
