<?xml version="1.0" encoding="UTF-8"?>
<!-- Generated by org.testng.reporters.JUnitReportReporter -->
<testsuite hostname="DESKTOP-D15BNO2" failures="0" tests="4" name="testngpackage.ParamTest" time="19.326" errors="0" timestamp="2023-04-09T17:20:08 IST" skipped="0">
  <testcase classname="testngpackage.ParamTest" name="checkLoginPage" time="10.603"/>
  <system-out/>
  <testcase classname="testngpackage.ParamTest" name="checkLoginPage" time="8.395"/>
  <system-out/>
  <testcase classname="testngpackage.ParamTest" name="testTitle" time="0.036"/>
  <system-out/>
  <testcase classname="testngpackage.ParamTest" name="testTitle" time="0.292"/>
  <system-out/>
</testsuite> <!-- testngpackage.ParamTest -->
