<?xml version="1.0" encoding="UTF-8"?>
<!-- Generated by org.testng.reporters.JUnitReportReporter -->
<testsuite hostname="DESKTOP-D15BNO2" failures="0" tests="1" name="pageobjectclasspattern.TestCodegramLogin" time="0.624" errors="0" timestamp="2023-04-13T21:43:25 IST" skipped="0">
  <testcase classname="pageobjectclasspattern.TestCodegramLogin" name="testLogin" time="0.624"/>
  <system-out/>
</testsuite> <!-- pageobjectclasspattern.TestCodegramLogin -->
