<?xml version="1.0" encoding="UTF-8"?>
<!-- Generated by org.testng.reporters.JUnitReportReporter -->
<testsuite hostname="DESKTOP-D15BNO2" failures="0" tests="3" name="testngpackage.FirstTest" time="0.011" errors="0" timestamp="2023-04-07T17:17:56 IST" skipped="0">
  <testcase classname="testngpackage.FirstTest" name="openApp" time="0.004"/>
  <system-out/>
  <testcase classname="testngpackage.FirstTest" name="login" time="0.004"/>
  <system-out/>
  <testcase classname="testngpackage.FirstTest" name="logout" time="0.003"/>
  <system-out/>
</testsuite> <!-- testngpackage.FirstTest -->
