<?xml version="1.0" encoding="UTF-8"?>
<!-- Generated by org.testng.reporters.JUnitReportReporter -->
<testsuite hostname="DESKTOP-D15BNO2" failures="0" tests="1" name="testngpackage.AllAnnotationsTest" time="0.032" errors="0" timestamp="2023-04-08T08:16:50 IST" skipped="0">
  <testcase classname="testngpackage.AllAnnotationsTest" name="login" time="0.032"/>
  <system-out/>
</testsuite> <!-- testngpackage.AllAnnotationsTest -->
